ARM GAS  C:\Users\57322\AppData\Local\Temp\ccTVb0ca.s 			page 1


   1              		.syntax unified
   2              		.cpu cortex-m3
   3              		.fpu softvfp
   4              		.eabi_attribute 20, 1
   5              		.eabi_attribute 21, 1
   6              		.eabi_attribute 23, 3
   7              		.eabi_attribute 24, 1
   8              		.eabi_attribute 25, 1
   9              		.eabi_attribute 26, 1
  10              		.eabi_attribute 30, 1
  11              		.eabi_attribute 34, 1
  12              		.eabi_attribute 18, 4
  13              		.thumb
  14              		.syntax unified
  15              		.file	"cymetadata.c"
  16              		.text
  17              	.Ltext0:
  18              		.cfi_sections	.debug_frame
  19              		.global	cy_metadata
  20              		.global	cy_meta_flashprotect
  21              		.global	cy_meta_wonvl
  22              		.global	cy_meta_custnvl
  23              		.global	cy_meta_configecc
  24              		.section	.cyconfigecc,"a",%progbits
  25              		.align	2
  26              		.type	cy_meta_configecc, %object
  27              		.size	cy_meta_configecc, 1472
  28              	cy_meta_configecc:
  29 0000 02       		.byte	2
  30 0001 52       		.byte	82
  31 0002 00       		.byte	0
  32 0003 40       		.byte	64
  33 0004 03       		.byte	3
  34 0005 64       		.byte	100
  35 0006 00       		.byte	0
  36 0007 40       		.byte	64
  37 0008 02       		.byte	2
  38 0009 65       		.byte	101
  39 000a 00       		.byte	0
  40 000b 40       		.byte	64
  41 000c 45       		.byte	69
  42 000d 02       		.byte	2
  43 000e 01       		.byte	1
  44 000f 40       		.byte	64
  45 0010 24       		.byte	36
  46 0011 03       		.byte	3
  47 0012 01       		.byte	1
  48 0013 40       		.byte	64
  49 0014 3D       		.byte	61
  50 0015 04       		.byte	4
  51 0016 01       		.byte	1
  52 0017 40       		.byte	64
  53 0018 21       		.byte	33
  54 0019 05       		.byte	5
  55 001a 01       		.byte	1
  56 001b 40       		.byte	64
  57 001c 32       		.byte	50
ARM GAS  C:\Users\57322\AppData\Local\Temp\ccTVb0ca.s 			page 2


  58 001d 08       		.byte	8
  59 001e 01       		.byte	1
  60 001f 40       		.byte	64
  61 0020 24       		.byte	36
  62 0021 09       		.byte	9
  63 0022 01       		.byte	1
  64 0023 40       		.byte	64
  65 0024 01       		.byte	1
  66 0025 15       		.byte	21
  67 0026 01       		.byte	1
  68 0027 40       		.byte	64
  69 0028 01       		.byte	1
  70 0029 17       		.byte	23
  71 002a 01       		.byte	1
  72 002b 40       		.byte	64
  73 002c 50       		.byte	80
  74 002d 18       		.byte	24
  75 002e 01       		.byte	1
  76 002f 40       		.byte	64
  77 0030 3E       		.byte	62
  78 0031 19       		.byte	25
  79 0032 01       		.byte	1
  80 0033 40       		.byte	64
  81 0034 5E       		.byte	94
  82 0035 1A       		.byte	26
  83 0036 01       		.byte	1
  84 0037 40       		.byte	64
  85 0038 46       		.byte	70
  86 0039 1B       		.byte	27
  87 003a 01       		.byte	1
  88 003b 40       		.byte	64
  89 003c 02       		.byte	2
  90 003d 40       		.byte	64
  91 003e 01       		.byte	1
  92 003f 40       		.byte	64
  93 0040 06       		.byte	6
  94 0041 41       		.byte	65
  95 0042 01       		.byte	1
  96 0043 40       		.byte	64
  97 0044 06       		.byte	6
  98 0045 42       		.byte	66
  99 0046 01       		.byte	1
 100 0047 40       		.byte	64
 101 0048 01       		.byte	1
 102 0049 43       		.byte	67
 103 004a 01       		.byte	1
 104 004b 40       		.byte	64
 105 004c 05       		.byte	5
 106 004d 44       		.byte	68
 107 004e 01       		.byte	1
 108 004f 40       		.byte	64
 109 0050 02       		.byte	2
 110 0051 45       		.byte	69
 111 0052 01       		.byte	1
 112 0053 40       		.byte	64
 113 0054 02       		.byte	2
 114 0055 46       		.byte	70
ARM GAS  C:\Users\57322\AppData\Local\Temp\ccTVb0ca.s 			page 3


 115 0056 01       		.byte	1
 116 0057 40       		.byte	64
 117 0058 02       		.byte	2
 118 0059 47       		.byte	71
 119 005a 01       		.byte	1
 120 005b 40       		.byte	64
 121 005c 03       		.byte	3
 122 005d 48       		.byte	72
 123 005e 01       		.byte	1
 124 005f 40       		.byte	64
 125 0060 02       		.byte	2
 126 0061 49       		.byte	73
 127 0062 01       		.byte	1
 128 0063 40       		.byte	64
 129 0064 0B       		.byte	11
 130 0065 4C       		.byte	76
 131 0066 01       		.byte	1
 132 0067 40       		.byte	64
 133 0068 0A       		.byte	10
 134 0069 4D       		.byte	77
 135 006a 01       		.byte	1
 136 006b 40       		.byte	64
 137 006c 06       		.byte	6
 138 006d 50       		.byte	80
 139 006e 01       		.byte	1
 140 006f 40       		.byte	64
 141 0070 02       		.byte	2
 142 0071 51       		.byte	81
 143 0072 01       		.byte	1
 144 0073 40       		.byte	64
 145 0074 00       		.byte	0
 146 0075 01       		.byte	1
 147 0076 01       		.byte	1
 148 0077 03       		.byte	3
 149 0078 83       		.byte	-125
 150 0079 0D       		.byte	13
 151 007a 85       		.byte	-123
 152 007b 0D       		.byte	13
 153 007c 89       		.byte	-119
 154 007d 72       		.byte	114
 155 007e 89       		.byte	-119
 156 007f 38       		.byte	56
 157 0080 8B       		.byte	-117
 158 0081 0F       		.byte	15
 159 0082 02       		.byte	2
 160 0083 01       		.byte	1
 161 0084 12       		.byte	18
 162 0085 02       		.byte	2
 163 0086 2E       		.byte	46
 164 0087 02       		.byte	2
 165 0088 30       		.byte	48
 166 0089 01       		.byte	1
 167 008a 32       		.byte	50
 168 008b 02       		.byte	2
 169 008c 36       		.byte	54
 170 008d 01       		.byte	1
 171 008e 40       		.byte	64
ARM GAS  C:\Users\57322\AppData\Local\Temp\ccTVb0ca.s 			page 4


 172 008f 10       		.byte	16
 173 0090 41       		.byte	65
 174 0091 06       		.byte	6
 175 0092 49       		.byte	73
 176 0093 FF       		.byte	-1
 177 0094 4A       		.byte	74
 178 0095 FF       		.byte	-1
 179 0096 4B       		.byte	75
 180 0097 FF       		.byte	-1
 181 0098 4D       		.byte	77
 182 0099 A0       		.byte	-96
 183 009a 4F       		.byte	79
 184 009b 04       		.byte	4
 185 009c 50       		.byte	80
 186 009d 18       		.byte	24
 187 009e 52       		.byte	82
 188 009f 80       		.byte	-128
 189 00a0 58       		.byte	88
 190 00a1 04       		.byte	4
 191 00a2 5A       		.byte	90
 192 00a3 04       		.byte	4
 193 00a4 5B       		.byte	91
 194 00a5 04       		.byte	4
 195 00a6 5C       		.byte	92
 196 00a7 01       		.byte	1
 197 00a8 5D       		.byte	93
 198 00a9 11       		.byte	17
 199 00aa 5F       		.byte	95
 200 00ab 01       		.byte	1
 201 00ac 60       		.byte	96
 202 00ad 40       		.byte	64
 203 00ae 62       		.byte	98
 204 00af C0       		.byte	-64
 205 00b0 64       		.byte	100
 206 00b1 40       		.byte	64
 207 00b2 65       		.byte	101
 208 00b3 40       		.byte	64
 209 00b4 66       		.byte	102
 210 00b5 C0       		.byte	-64
 211 00b6 68       		.byte	104
 212 00b7 C0       		.byte	-64
 213 00b8 6A       		.byte	106
 214 00b9 C0       		.byte	-64
 215 00ba 6C       		.byte	108
 216 00bb C0       		.byte	-64
 217 00bc 6E       		.byte	110
 218 00bd C0       		.byte	-64
 219 00be 8F       		.byte	-113
 220 00bf 02       		.byte	2
 221 00c0 97       		.byte	-105
 222 00c1 01       		.byte	1
 223 00c2 9F       		.byte	-97
 224 00c3 01       		.byte	1
 225 00c4 A2       		.byte	-94
 226 00c5 01       		.byte	1
 227 00c6 A5       		.byte	-91
 228 00c7 02       		.byte	2
ARM GAS  C:\Users\57322\AppData\Local\Temp\ccTVb0ca.s 			page 5


 229 00c8 B2       		.byte	-78
 230 00c9 01       		.byte	1
 231 00ca B3       		.byte	-77
 232 00cb 01       		.byte	1
 233 00cc B7       		.byte	-73
 234 00cd 02       		.byte	2
 235 00ce BF       		.byte	-65
 236 00cf 04       		.byte	4
 237 00d0 C0       		.byte	-64
 238 00d1 40       		.byte	64
 239 00d2 C1       		.byte	-63
 240 00d3 06       		.byte	6
 241 00d4 C5       		.byte	-59
 242 00d5 D0       		.byte	-48
 243 00d6 C6       		.byte	-58
 244 00d7 01       		.byte	1
 245 00d8 C7       		.byte	-57
 246 00d9 02       		.byte	2
 247 00da C8       		.byte	-56
 248 00db 16       		.byte	22
 249 00dc C9       		.byte	-55
 250 00dd FF       		.byte	-1
 251 00de CA       		.byte	-54
 252 00df FF       		.byte	-1
 253 00e0 CB       		.byte	-53
 254 00e1 FF       		.byte	-1
 255 00e2 CD       		.byte	-51
 256 00e3 AF       		.byte	-81
 257 00e4 CE       		.byte	-50
 258 00e5 0F       		.byte	15
 259 00e6 CF       		.byte	-49
 260 00e7 04       		.byte	4
 261 00e8 D0       		.byte	-48
 262 00e9 18       		.byte	24
 263 00ea D4       		.byte	-44
 264 00eb 05       		.byte	5
 265 00ec D8       		.byte	-40
 266 00ed 04       		.byte	4
 267 00ee D9       		.byte	-39
 268 00ef 04       		.byte	4
 269 00f0 DA       		.byte	-38
 270 00f1 04       		.byte	4
 271 00f2 DB       		.byte	-37
 272 00f3 04       		.byte	4
 273 00f4 DC       		.byte	-36
 274 00f5 11       		.byte	17
 275 00f6 DD       		.byte	-35
 276 00f7 11       		.byte	17
 277 00f8 DF       		.byte	-33
 278 00f9 01       		.byte	1
 279 00fa E0       		.byte	-32
 280 00fb 40       		.byte	64
 281 00fc E2       		.byte	-30
 282 00fd C0       		.byte	-64
 283 00fe E4       		.byte	-28
 284 00ff 40       		.byte	64
 285 0100 E5       		.byte	-27
ARM GAS  C:\Users\57322\AppData\Local\Temp\ccTVb0ca.s 			page 6


 286 0101 40       		.byte	64
 287 0102 E6       		.byte	-26
 288 0103 C0       		.byte	-64
 289 0104 E8       		.byte	-24
 290 0105 C0       		.byte	-64
 291 0106 EA       		.byte	-22
 292 0107 C0       		.byte	-64
 293 0108 EC       		.byte	-20
 294 0109 C0       		.byte	-64
 295 010a EE       		.byte	-18
 296 010b C0       		.byte	-64
 297 010c 07       		.byte	7
 298 010d 40       		.byte	64
 299 010e 0E       		.byte	14
 300 010f 80       		.byte	-128
 301 0110 10       		.byte	16
 302 0111 80       		.byte	-128
 303 0112 15       		.byte	21
 304 0113 80       		.byte	-128
 305 0114 19       		.byte	25
 306 0115 04       		.byte	4
 307 0116 1C       		.byte	28
 308 0117 40       		.byte	64
 309 0118 1D       		.byte	29
 310 0119 C0       		.byte	-64
 311 011a 1E       		.byte	30
 312 011b 80       		.byte	-128
 313 011c 1F       		.byte	31
 314 011d 08       		.byte	8
 315 011e 22       		.byte	34
 316 011f 44       		.byte	68
 317 0120 29       		.byte	41
 318 0121 04       		.byte	4
 319 0122 31       		.byte	49
 320 0123 40       		.byte	64
 321 0124 32       		.byte	50
 322 0125 08       		.byte	8
 323 0126 39       		.byte	57
 324 0127 80       		.byte	-128
 325 0128 40       		.byte	64
 326 0129 40       		.byte	64
 327 012a 45       		.byte	69
 328 012b 80       		.byte	-128
 329 012c 49       		.byte	73
 330 012d 02       		.byte	2
 331 012e 4A       		.byte	74
 332 012f 08       		.byte	8
 333 0130 4E       		.byte	78
 334 0131 08       		.byte	8
 335 0132 50       		.byte	80
 336 0133 80       		.byte	-128
 337 0134 51       		.byte	81
 338 0135 40       		.byte	64
 339 0136 52       		.byte	82
 340 0137 08       		.byte	8
 341 0138 59       		.byte	89
 342 0139 02       		.byte	2
ARM GAS  C:\Users\57322\AppData\Local\Temp\ccTVb0ca.s 			page 7


 343 013a 5A       		.byte	90
 344 013b 88       		.byte	-120
 345 013c 77       		.byte	119
 346 013d 40       		.byte	64
 347 013e 8B       		.byte	-117
 348 013f 08       		.byte	8
 349 0140 C0       		.byte	-64
 350 0141 10       		.byte	16
 351 0142 C2       		.byte	-62
 352 0143 10       		.byte	16
 353 0144 C4       		.byte	-60
 354 0145 88       		.byte	-120
 355 0146 CA       		.byte	-54
 356 0147 02       		.byte	2
 357 0148 CC       		.byte	-52
 358 0149 0A       		.byte	10
 359 014a CE       		.byte	-50
 360 014b 08       		.byte	8
 361 014c D0       		.byte	-48
 362 014d 11       		.byte	17
 363 014e D2       		.byte	-46
 364 014f 24       		.byte	36
 365 0150 D6       		.byte	-42
 366 0151 0B       		.byte	11
 367 0152 E2       		.byte	-30
 368 0153 20       		.byte	32
 369 0154 40       		.byte	64
 370 0155 30       		.byte	48
 371 0156 41       		.byte	65
 372 0157 02       		.byte	2
 373 0158 49       		.byte	73
 374 0159 FF       		.byte	-1
 375 015a 4A       		.byte	74
 376 015b FF       		.byte	-1
 377 015c 4B       		.byte	75
 378 015d FF       		.byte	-1
 379 015e 4D       		.byte	77
 380 015f A0       		.byte	-96
 381 0160 4F       		.byte	79
 382 0161 04       		.byte	4
 383 0162 50       		.byte	80
 384 0163 18       		.byte	24
 385 0164 5A       		.byte	90
 386 0165 04       		.byte	4
 387 0166 5F       		.byte	95
 388 0167 01       		.byte	1
 389 0168 60       		.byte	96
 390 0169 40       		.byte	64
 391 016a 62       		.byte	98
 392 016b C0       		.byte	-64
 393 016c 64       		.byte	100
 394 016d 40       		.byte	64
 395 016e 65       		.byte	101
 396 016f 40       		.byte	64
 397 0170 66       		.byte	102
 398 0171 C0       		.byte	-64
 399 0172 68       		.byte	104
ARM GAS  C:\Users\57322\AppData\Local\Temp\ccTVb0ca.s 			page 8


 400 0173 C0       		.byte	-64
 401 0174 6A       		.byte	106
 402 0175 C0       		.byte	-64
 403 0176 6C       		.byte	108
 404 0177 C0       		.byte	-64
 405 0178 6E       		.byte	110
 406 0179 C0       		.byte	-64
 407 017a 83       		.byte	-125
 408 017b 04       		.byte	4
 409 017c 87       		.byte	-121
 410 017d 03       		.byte	3
 411 017e 8A       		.byte	-118
 412 017f 01       		.byte	1
 413 0180 96       		.byte	-106
 414 0181 01       		.byte	1
 415 0182 97       		.byte	-105
 416 0183 02       		.byte	2
 417 0184 A1       		.byte	-95
 418 0185 01       		.byte	1
 419 0186 AA       		.byte	-86
 420 0187 02       		.byte	2
 421 0188 B1       		.byte	-79
 422 0189 01       		.byte	1
 423 018a B4       		.byte	-76
 424 018b 01       		.byte	1
 425 018c B5       		.byte	-75
 426 018d 04       		.byte	4
 427 018e B6       		.byte	-74
 428 018f 02       		.byte	2
 429 0190 B7       		.byte	-73
 430 0191 02       		.byte	2
 431 0192 BE       		.byte	-66
 432 0193 10       		.byte	16
 433 0194 C0       		.byte	-64
 434 0195 30       		.byte	48
 435 0196 C1       		.byte	-63
 436 0197 02       		.byte	2
 437 0198 C5       		.byte	-59
 438 0199 D0       		.byte	-48
 439 019a C6       		.byte	-58
 440 019b 20       		.byte	32
 441 019c C7       		.byte	-57
 442 019d 01       		.byte	1
 443 019e C8       		.byte	-56
 444 019f 1A       		.byte	26
 445 01a0 C9       		.byte	-55
 446 01a1 FF       		.byte	-1
 447 01a2 CA       		.byte	-54
 448 01a3 FF       		.byte	-1
 449 01a4 CB       		.byte	-53
 450 01a5 FF       		.byte	-1
 451 01a6 CD       		.byte	-51
 452 01a7 AF       		.byte	-81
 453 01a8 CE       		.byte	-50
 454 01a9 0F       		.byte	15
 455 01aa CF       		.byte	-49
 456 01ab 04       		.byte	4
ARM GAS  C:\Users\57322\AppData\Local\Temp\ccTVb0ca.s 			page 9


 457 01ac D0       		.byte	-48
 458 01ad 18       		.byte	24
 459 01ae D2       		.byte	-46
 460 01af 80       		.byte	-128
 461 01b0 D4       		.byte	-44
 462 01b1 05       		.byte	5
 463 01b2 D8       		.byte	-40
 464 01b3 04       		.byte	4
 465 01b4 D9       		.byte	-39
 466 01b5 04       		.byte	4
 467 01b6 DA       		.byte	-38
 468 01b7 04       		.byte	4
 469 01b8 DB       		.byte	-37
 470 01b9 04       		.byte	4
 471 01ba DF       		.byte	-33
 472 01bb 01       		.byte	1
 473 01bc E0       		.byte	-32
 474 01bd 40       		.byte	64
 475 01be E2       		.byte	-30
 476 01bf C0       		.byte	-64
 477 01c0 E4       		.byte	-28
 478 01c1 40       		.byte	64
 479 01c2 E5       		.byte	-27
 480 01c3 40       		.byte	64
 481 01c4 E6       		.byte	-26
 482 01c5 C0       		.byte	-64
 483 01c6 E8       		.byte	-24
 484 01c7 C0       		.byte	-64
 485 01c8 EA       		.byte	-22
 486 01c9 C0       		.byte	-64
 487 01ca EC       		.byte	-20
 488 01cb C0       		.byte	-64
 489 01cc EE       		.byte	-18
 490 01cd C0       		.byte	-64
 491 01ce 07       		.byte	7
 492 01cf 04       		.byte	4
 493 01d0 0F       		.byte	15
 494 01d1 20       		.byte	32
 495 01d2 16       		.byte	22
 496 01d3 04       		.byte	4
 497 01d4 1E       		.byte	30
 498 01d5 08       		.byte	8
 499 01d6 1F       		.byte	31
 500 01d7 80       		.byte	-128
 501 01d8 24       		.byte	36
 502 01d9 40       		.byte	64
 503 01da 26       		.byte	38
 504 01db 80       		.byte	-128
 505 01dc 27       		.byte	39
 506 01dd 04       		.byte	4
 507 01de 2F       		.byte	47
 508 01df 80       		.byte	-128
 509 01e0 37       		.byte	55
 510 01e1 04       		.byte	4
 511 01e2 3C       		.byte	60
 512 01e3 02       		.byte	2
 513 01e4 3E       		.byte	62
ARM GAS  C:\Users\57322\AppData\Local\Temp\ccTVb0ca.s 			page 10


 514 01e5 08       		.byte	8
 515 01e6 41       		.byte	65
 516 01e7 20       		.byte	32
 517 01e8 43       		.byte	67
 518 01e9 04       		.byte	4
 519 01ea 45       		.byte	69
 520 01eb 20       		.byte	32
 521 01ec 47       		.byte	71
 522 01ed 04       		.byte	4
 523 01ee 4F       		.byte	79
 524 01ef 01       		.byte	1
 525 01f0 55       		.byte	85
 526 01f1 20       		.byte	32
 527 01f2 56       		.byte	86
 528 01f3 0C       		.byte	12
 529 01f4 57       		.byte	87
 530 01f5 10       		.byte	16
 531 01f6 5C       		.byte	92
 532 01f7 40       		.byte	64
 533 01f8 5E       		.byte	94
 534 01f9 08       		.byte	8
 535 01fa 5F       		.byte	95
 536 01fb 01       		.byte	1
 537 01fc 74       		.byte	116
 538 01fd 01       		.byte	1
 539 01fe 86       		.byte	-122
 540 01ff 80       		.byte	-128
 541 0200 C0       		.byte	-64
 542 0201 40       		.byte	64
 543 0202 C2       		.byte	-62
 544 0203 20       		.byte	32
 545 0204 C4       		.byte	-60
 546 0205 40       		.byte	64
 547 0206 CA       		.byte	-54
 548 0207 80       		.byte	-128
 549 0208 CC       		.byte	-52
 550 0209 40       		.byte	64
 551 020a CE       		.byte	-50
 552 020b C0       		.byte	-64
 553 020c D0       		.byte	-48
 554 020d 66       		.byte	102
 555 020e D6       		.byte	-42
 556 020f D0       		.byte	-48
 557 0210 18       		.byte	24
 558 0211 01       		.byte	1
 559 0212 28       		.byte	40
 560 0213 01       		.byte	1
 561 0214 2C       		.byte	44
 562 0215 01       		.byte	1
 563 0216 36       		.byte	54
 564 0217 01       		.byte	1
 565 0218 58       		.byte	88
 566 0219 04       		.byte	4
 567 021a 5C       		.byte	92
 568 021b 02       		.byte	2
 569 021c 5F       		.byte	95
 570 021d 01       		.byte	1
ARM GAS  C:\Users\57322\AppData\Local\Temp\ccTVb0ca.s 			page 11


 571 021e 80       		.byte	-128
 572 021f 01       		.byte	1
 573 0220 81       		.byte	-127
 574 0221 10       		.byte	16
 575 0222 84       		.byte	-124
 576 0223 03       		.byte	3
 577 0224 85       		.byte	-123
 578 0225 18       		.byte	24
 579 0226 88       		.byte	-120
 580 0227 02       		.byte	2
 581 0228 89       		.byte	-119
 582 0229 08       		.byte	8
 583 022a 8C       		.byte	-116
 584 022b 1F       		.byte	31
 585 022c 8D       		.byte	-115
 586 022d 1C       		.byte	28
 587 022e 8E       		.byte	-114
 588 022f 20       		.byte	32
 589 0230 8F       		.byte	-113
 590 0231 21       		.byte	33
 591 0232 90       		.byte	-112
 592 0233 3F       		.byte	63
 593 0234 94       		.byte	-108
 594 0235 1C       		.byte	28
 595 0236 95       		.byte	-107
 596 0237 3C       		.byte	60
 597 0238 96       		.byte	-106
 598 0239 23       		.byte	35
 599 023a 97       		.byte	-105
 600 023b 02       		.byte	2
 601 023c 98       		.byte	-104
 602 023d 33       		.byte	51
 603 023e 9A       		.byte	-102
 604 023f 0C       		.byte	12
 605 0240 9B       		.byte	-101
 606 0241 04       		.byte	4
 607 0242 9D       		.byte	-99
 608 0243 3F       		.byte	63
 609 0244 9E       		.byte	-98
 610 0245 23       		.byte	35
 611 0246 A0       		.byte	-96
 612 0247 08       		.byte	8
 613 0248 A1       		.byte	-95
 614 0249 04       		.byte	4
 615 024a A4       		.byte	-92
 616 024b 04       		.byte	4
 617 024c A8       		.byte	-88
 618 024d 0C       		.byte	12
 619 024e A9       		.byte	-87
 620 024f 27       		.byte	39
 621 0250 AB       		.byte	-85
 622 0251 18       		.byte	24
 623 0252 AF       		.byte	-81
 624 0253 23       		.byte	35
 625 0254 B2       		.byte	-78
 626 0255 10       		.byte	16
 627 0256 B3       		.byte	-77
ARM GAS  C:\Users\57322\AppData\Local\Temp\ccTVb0ca.s 			page 12


 628 0257 1F       		.byte	31
 629 0258 B4       		.byte	-76
 630 0259 0F       		.byte	15
 631 025a B5       		.byte	-75
 632 025b 38       		.byte	56
 633 025c B6       		.byte	-74
 634 025d 2C       		.byte	44
 635 025e BA       		.byte	-70
 636 025f A2       		.byte	-94
 637 0260 BB       		.byte	-69
 638 0261 08       		.byte	8
 639 0262 BE       		.byte	-66
 640 0263 04       		.byte	4
 641 0264 D6       		.byte	-42
 642 0265 02       		.byte	2
 643 0266 D7       		.byte	-41
 644 0267 12       		.byte	18
 645 0268 D8       		.byte	-40
 646 0269 04       		.byte	4
 647 026a D9       		.byte	-39
 648 026b 04       		.byte	4
 649 026c DB       		.byte	-37
 650 026d 04       		.byte	4
 651 026e DC       		.byte	-36
 652 026f 22       		.byte	34
 653 0270 DD       		.byte	-35
 654 0271 20       		.byte	32
 655 0272 DF       		.byte	-33
 656 0273 01       		.byte	1
 657 0274 01       		.byte	1
 658 0275 C0       		.byte	-64
 659 0276 02       		.byte	2
 660 0277 18       		.byte	24
 661 0278 03       		.byte	3
 662 0279 80       		.byte	-128
 663 027a 09       		.byte	9
 664 027b 08       		.byte	8
 665 027c 0A       		.byte	10
 666 027d 45       		.byte	69
 667 027e 0D       		.byte	13
 668 027f 10       		.byte	16
 669 0280 10       		.byte	16
 670 0281 80       		.byte	-128
 671 0282 13       		.byte	19
 672 0283 14       		.byte	20
 673 0284 15       		.byte	21
 674 0285 80       		.byte	-128
 675 0286 17       		.byte	23
 676 0287 20       		.byte	32
 677 0288 19       		.byte	25
 678 0289 94       		.byte	-108
 679 028a 1A       		.byte	26
 680 028b C4       		.byte	-60
 681 028c 1D       		.byte	29
 682 028d 40       		.byte	64
 683 028e 1E       		.byte	30
 684 028f 03       		.byte	3
ARM GAS  C:\Users\57322\AppData\Local\Temp\ccTVb0ca.s 			page 13


 685 0290 20       		.byte	32
 686 0291 08       		.byte	8
 687 0292 21       		.byte	33
 688 0293 08       		.byte	8
 689 0294 22       		.byte	34
 690 0295 20       		.byte	32
 691 0296 29       		.byte	41
 692 0297 50       		.byte	80
 693 0298 2B       		.byte	43
 694 0299 80       		.byte	-128
 695 029a 31       		.byte	49
 696 029b 08       		.byte	8
 697 029c 32       		.byte	50
 698 029d 50       		.byte	80
 699 029e 38       		.byte	56
 700 029f 28       		.byte	40
 701 02a0 39       		.byte	57
 702 02a1 40       		.byte	64
 703 02a2 3B       		.byte	59
 704 02a3 01       		.byte	1
 705 02a4 59       		.byte	89
 706 02a5 04       		.byte	4
 707 02a6 69       		.byte	105
 708 02a7 A4       		.byte	-92
 709 02a8 6B       		.byte	107
 710 02a9 20       		.byte	32
 711 02aa 70       		.byte	112
 712 02ab 94       		.byte	-108
 713 02ac 73       		.byte	115
 714 02ad 15       		.byte	21
 715 02ae C0       		.byte	-64
 716 02af 0F       		.byte	15
 717 02b0 C2       		.byte	-62
 718 02b1 4F       		.byte	79
 719 02b2 C4       		.byte	-60
 720 02b3 CE       		.byte	-50
 721 02b4 CA       		.byte	-54
 722 02b5 0D       		.byte	13
 723 02b6 CC       		.byte	-52
 724 02b7 0E       		.byte	14
 725 02b8 CE       		.byte	-50
 726 02b9 0F       		.byte	15
 727 02ba D6       		.byte	-42
 728 02bb 02       		.byte	2
 729 02bc EA       		.byte	-22
 730 02bd 01       		.byte	1
 731 02be E6       		.byte	-26
 732 02bf 01       		.byte	1
 733 02c0 04       		.byte	4
 734 02c1 01       		.byte	1
 735 02c2 05       		.byte	5
 736 02c3 01       		.byte	1
 737 02c4 06       		.byte	6
 738 02c5 16       		.byte	22
 739 02c6 08       		.byte	8
 740 02c7 01       		.byte	1
 741 02c8 0A       		.byte	10
ARM GAS  C:\Users\57322\AppData\Local\Temp\ccTVb0ca.s 			page 14


 742 02c9 0E       		.byte	14
 743 02ca 0E       		.byte	14
 744 02cb 08       		.byte	8
 745 02cc 14       		.byte	20
 746 02cd 1C       		.byte	28
 747 02ce 16       		.byte	22
 748 02cf 03       		.byte	3
 749 02d0 19       		.byte	25
 750 02d1 01       		.byte	1
 751 02d2 1D       		.byte	29
 752 02d3 02       		.byte	2
 753 02d4 1E       		.byte	30
 754 02d5 03       		.byte	3
 755 02d6 2A       		.byte	42
 756 02d7 1C       		.byte	28
 757 02d8 2B       		.byte	43
 758 02d9 01       		.byte	1
 759 02da 32       		.byte	50
 760 02db 0F       		.byte	15
 761 02dc 33       		.byte	51
 762 02dd 03       		.byte	3
 763 02de 34       		.byte	52
 764 02df 1A       		.byte	26
 765 02e0 39       		.byte	57
 766 02e1 08       		.byte	8
 767 02e2 3A       		.byte	58
 768 02e3 28       		.byte	40
 769 02e4 58       		.byte	88
 770 02e5 04       		.byte	4
 771 02e6 59       		.byte	89
 772 02e7 04       		.byte	4
 773 02e8 5C       		.byte	92
 774 02e9 22       		.byte	34
 775 02ea 5F       		.byte	95
 776 02eb 01       		.byte	1
 777 02ec 80       		.byte	-128
 778 02ed 08       		.byte	8
 779 02ee 82       		.byte	-126
 780 02ef 04       		.byte	4
 781 02f0 84       		.byte	-124
 782 02f1 18       		.byte	24
 783 02f2 88       		.byte	-120
 784 02f3 18       		.byte	24
 785 02f4 8A       		.byte	-118
 786 02f5 02       		.byte	2
 787 02f6 8D       		.byte	-115
 788 02f7 01       		.byte	1
 789 02f8 8E       		.byte	-114
 790 02f9 18       		.byte	24
 791 02fa 90       		.byte	-112
 792 02fb 18       		.byte	24
 793 02fc 96       		.byte	-106
 794 02fd 18       		.byte	24
 795 02fe 97       		.byte	-105
 796 02ff 01       		.byte	1
 797 0300 99       		.byte	-103
 798 0301 01       		.byte	1
ARM GAS  C:\Users\57322\AppData\Local\Temp\ccTVb0ca.s 			page 15


 799 0302 9A       		.byte	-102
 800 0303 20       		.byte	32
 801 0304 9E       		.byte	-98
 802 0305 18       		.byte	24
 803 0306 A2       		.byte	-94
 804 0307 01       		.byte	1
 805 0308 A6       		.byte	-90
 806 0309 01       		.byte	1
 807 030a A8       		.byte	-88
 808 030b 10       		.byte	16
 809 030c AA       		.byte	-86
 810 030d 04       		.byte	4
 811 030e AE       		.byte	-82
 812 030f 20       		.byte	32
 813 0310 AF       		.byte	-81
 814 0311 01       		.byte	1
 815 0312 B0       		.byte	-80
 816 0313 18       		.byte	24
 817 0314 B2       		.byte	-78
 818 0315 01       		.byte	1
 819 0316 B4       		.byte	-76
 820 0317 20       		.byte	32
 821 0318 B5       		.byte	-75
 822 0319 01       		.byte	1
 823 031a B6       		.byte	-74
 824 031b 06       		.byte	6
 825 031c B9       		.byte	-71
 826 031d 20       		.byte	32
 827 031e BE       		.byte	-66
 828 031f 54       		.byte	84
 829 0320 C0       		.byte	-64
 830 0321 25       		.byte	37
 831 0322 C1       		.byte	-63
 832 0323 04       		.byte	4
 833 0324 C2       		.byte	-62
 834 0325 06       		.byte	6
 835 0326 C4       		.byte	-60
 836 0327 01       		.byte	1
 837 0328 C5       		.byte	-59
 838 0329 C0       		.byte	-64
 839 032a C7       		.byte	-57
 840 032b E0       		.byte	-32
 841 032c C8       		.byte	-56
 842 032d 22       		.byte	34
 843 032e C9       		.byte	-55
 844 032f FF       		.byte	-1
 845 0330 CA       		.byte	-54
 846 0331 FF       		.byte	-1
 847 0332 CB       		.byte	-53
 848 0333 FF       		.byte	-1
 849 0334 CC       		.byte	-52
 850 0335 62       		.byte	98
 851 0336 CD       		.byte	-51
 852 0337 A0       		.byte	-96
 853 0338 CE       		.byte	-50
 854 0339 F0       		.byte	-16
 855 033a CF       		.byte	-49
ARM GAS  C:\Users\57322\AppData\Local\Temp\ccTVb0ca.s 			page 16


 856 033b 41       		.byte	65
 857 033c D0       		.byte	-48
 858 033d 0C       		.byte	12
 859 033e D4       		.byte	-44
 860 033f 18       		.byte	24
 861 0340 D6       		.byte	-42
 862 0341 04       		.byte	4
 863 0342 D8       		.byte	-40
 864 0343 04       		.byte	4
 865 0344 D9       		.byte	-39
 866 0345 04       		.byte	4
 867 0346 DA       		.byte	-38
 868 0347 04       		.byte	4
 869 0348 DB       		.byte	-37
 870 0349 04       		.byte	4
 871 034a DC       		.byte	-36
 872 034b 22       		.byte	34
 873 034c DD       		.byte	-35
 874 034d 22       		.byte	34
 875 034e DF       		.byte	-33
 876 034f 01       		.byte	1
 877 0350 E6       		.byte	-26
 878 0351 40       		.byte	64
 879 0352 E7       		.byte	-25
 880 0353 02       		.byte	2
 881 0354 E9       		.byte	-23
 882 0355 10       		.byte	16
 883 0356 EA       		.byte	-22
 884 0357 30       		.byte	48
 885 0358 EB       		.byte	-21
 886 0359 10       		.byte	16
 887 035a ED       		.byte	-19
 888 035b 10       		.byte	16
 889 035c EE       		.byte	-18
 890 035d 10       		.byte	16
 891 035e EF       		.byte	-17
 892 035f 12       		.byte	18
 893 0360 00       		.byte	0
 894 0361 02       		.byte	2
 895 0362 01       		.byte	1
 896 0363 A0       		.byte	-96
 897 0364 03       		.byte	3
 898 0365 20       		.byte	32
 899 0366 04       		.byte	4
 900 0367 80       		.byte	-128
 901 0368 05       		.byte	5
 902 0369 10       		.byte	16
 903 036a 07       		.byte	7
 904 036b 10       		.byte	16
 905 036c 09       		.byte	9
 906 036d 08       		.byte	8
 907 036e 0A       		.byte	10
 908 036f 41       		.byte	65
 909 0370 0B       		.byte	11
 910 0371 04       		.byte	4
 911 0372 0C       		.byte	12
 912 0373 40       		.byte	64
ARM GAS  C:\Users\57322\AppData\Local\Temp\ccTVb0ca.s 			page 17


 913 0374 0E       		.byte	14
 914 0375 20       		.byte	32
 915 0376 10       		.byte	16
 916 0377 80       		.byte	-128
 917 0378 12       		.byte	18
 918 0379 2A       		.byte	42
 919 037a 17       		.byte	23
 920 037b 20       		.byte	32
 921 037c 18       		.byte	24
 922 037d 05       		.byte	5
 923 037e 19       		.byte	25
 924 037f 09       		.byte	9
 925 0380 1D       		.byte	29
 926 0381 10       		.byte	16
 927 0382 1E       		.byte	30
 928 0383 20       		.byte	32
 929 0384 1F       		.byte	31
 930 0385 04       		.byte	4
 931 0386 23       		.byte	35
 932 0387 04       		.byte	4
 933 0388 27       		.byte	39
 934 0389 20       		.byte	32
 935 038a 29       		.byte	41
 936 038b 80       		.byte	-128
 937 038c 2F       		.byte	47
 938 038d 04       		.byte	4
 939 038e 31       		.byte	49
 940 038f 08       		.byte	8
 941 0390 33       		.byte	51
 942 0391 20       		.byte	32
 943 0392 34       		.byte	52
 944 0393 40       		.byte	64
 945 0394 35       		.byte	53
 946 0395 10       		.byte	16
 947 0396 38       		.byte	56
 948 0397 40       		.byte	64
 949 0398 3D       		.byte	61
 950 0399 08       		.byte	8
 951 039a 40       		.byte	64
 952 039b 41       		.byte	65
 953 039c 42       		.byte	66
 954 039d 44       		.byte	68
 955 039e 43       		.byte	67
 956 039f 20       		.byte	32
 957 03a0 48       		.byte	72
 958 03a1 84       		.byte	-124
 959 03a2 4A       		.byte	74
 960 03a3 01       		.byte	1
 961 03a4 52       		.byte	82
 962 03a5 02       		.byte	2
 963 03a6 59       		.byte	89
 964 03a7 01       		.byte	1
 965 03a8 60       		.byte	96
 966 03a9 84       		.byte	-124
 967 03aa 61       		.byte	97
 968 03ab 40       		.byte	64
 969 03ac 65       		.byte	101
ARM GAS  C:\Users\57322\AppData\Local\Temp\ccTVb0ca.s 			page 18


 970 03ad 20       		.byte	32
 971 03ae 66       		.byte	102
 972 03af 10       		.byte	16
 973 03b0 80       		.byte	-128
 974 03b1 80       		.byte	-128
 975 03b2 8D       		.byte	-115
 976 03b3 40       		.byte	64
 977 03b4 91       		.byte	-111
 978 03b5 24       		.byte	36
 979 03b6 92       		.byte	-110
 980 03b7 45       		.byte	69
 981 03b8 96       		.byte	-106
 982 03b9 20       		.byte	32
 983 03ba 99       		.byte	-103
 984 03bb 80       		.byte	-128
 985 03bc 9E       		.byte	-98
 986 03bd 10       		.byte	16
 987 03be A0       		.byte	-96
 988 03bf 04       		.byte	4
 989 03c0 A1       		.byte	-95
 990 03c1 08       		.byte	8
 991 03c2 A2       		.byte	-94
 992 03c3 21       		.byte	33
 993 03c4 A6       		.byte	-90
 994 03c5 08       		.byte	8
 995 03c6 A7       		.byte	-89
 996 03c7 80       		.byte	-128
 997 03c8 C0       		.byte	-64
 998 03c9 EF       		.byte	-17
 999 03ca C2       		.byte	-62
 1000 03cb AF       		.byte	-81
 1001 03cc C4       		.byte	-60
 1002 03cd 4F       		.byte	79
 1003 03ce CA       		.byte	-54
 1004 03cf 28       		.byte	40
 1005 03d0 CC       		.byte	-52
 1006 03d1 36       		.byte	54
 1007 03d2 CE       		.byte	-50
 1008 03d3 48       		.byte	72
 1009 03d4 D0       		.byte	-48
 1010 03d5 0D       		.byte	13
 1011 03d6 D2       		.byte	-46
 1012 03d7 0C       		.byte	12
 1013 03d8 D6       		.byte	-42
 1014 03d9 01       		.byte	1
 1015 03da D8       		.byte	-40
 1016 03db 0D       		.byte	13
 1017 03dc 00       		.byte	0
 1018 03dd 02       		.byte	2
 1019 03de 02       		.byte	2
 1020 03df 01       		.byte	1
 1021 03e0 05       		.byte	5
 1022 03e1 0C       		.byte	12
 1023 03e2 08       		.byte	8
 1024 03e3 01       		.byte	1
 1025 03e4 09       		.byte	9
 1026 03e5 0C       		.byte	12
ARM GAS  C:\Users\57322\AppData\Local\Temp\ccTVb0ca.s 			page 19


 1027 03e6 0A       		.byte	10
 1028 03e7 06       		.byte	6
 1029 03e8 15       		.byte	21
 1030 03e9 08       		.byte	8
 1031 03ea 17       		.byte	23
 1032 03eb 04       		.byte	4
 1033 03ec 18       		.byte	24
 1034 03ed 04       		.byte	4
 1035 03ee 1A       		.byte	26
 1036 03ef 01       		.byte	1
 1037 03f0 21       		.byte	33
 1038 03f1 04       		.byte	4
 1039 03f2 23       		.byte	35
 1040 03f3 0A       		.byte	10
 1041 03f4 24       		.byte	36
 1042 03f5 07       		.byte	7
 1043 03f6 28       		.byte	40
 1044 03f7 07       		.byte	7
 1045 03f8 2D       		.byte	45
 1046 03f9 01       		.byte	1
 1047 03fa 33       		.byte	51
 1048 03fb 0C       		.byte	12
 1049 03fc 34       		.byte	52
 1050 03fd 07       		.byte	7
 1051 03fe 35       		.byte	53
 1052 03ff 02       		.byte	2
 1053 0400 37       		.byte	55
 1054 0401 01       		.byte	1
 1055 0402 3F       		.byte	63
 1056 0403 40       		.byte	64
 1057 0404 40       		.byte	64
 1058 0405 03       		.byte	3
 1059 0406 46       		.byte	70
 1060 0407 04       		.byte	4
 1061 0408 49       		.byte	73
 1062 0409 FF       		.byte	-1
 1063 040a 4A       		.byte	74
 1064 040b 07       		.byte	7
 1065 040c 4B       		.byte	75
 1066 040d FF       		.byte	-1
 1067 040e 4C       		.byte	76
 1068 040f 40       		.byte	64
 1069 0410 4D       		.byte	77
 1070 0411 20       		.byte	32
 1071 0412 4E       		.byte	78
 1072 0413 F0       		.byte	-16
 1073 0414 4F       		.byte	79
 1074 0415 05       		.byte	5
 1075 0416 50       		.byte	80
 1076 0417 08       		.byte	8
 1077 0418 58       		.byte	88
 1078 0419 04       		.byte	4
 1079 041a 59       		.byte	89
 1080 041b 04       		.byte	4
 1081 041c 5A       		.byte	90
 1082 041d 04       		.byte	4
 1083 041e 5C       		.byte	92
ARM GAS  C:\Users\57322\AppData\Local\Temp\ccTVb0ca.s 			page 20


 1084 041f 22       		.byte	34
 1085 0420 5D       		.byte	93
 1086 0421 02       		.byte	2
 1087 0422 5F       		.byte	95
 1088 0423 01       		.byte	1
 1089 0424 60       		.byte	96
 1090 0425 40       		.byte	64
 1091 0426 61       		.byte	97
 1092 0427 A8       		.byte	-88
 1093 0428 62       		.byte	98
 1094 0429 40       		.byte	64
 1095 042a 63       		.byte	99
 1096 042b 20       		.byte	32
 1097 042c 84       		.byte	-124
 1098 042d 70       		.byte	112
 1099 042e 85       		.byte	-123
 1100 042f 0D       		.byte	13
 1101 0430 86       		.byte	-122
 1102 0431 0C       		.byte	12
 1103 0432 87       		.byte	-121
 1104 0433 30       		.byte	48
 1105 0434 88       		.byte	-120
 1106 0435 6C       		.byte	108
 1107 0436 8A       		.byte	-118
 1108 0437 11       		.byte	17
 1109 0438 8E       		.byte	-114
 1110 0439 03       		.byte	3
 1111 043a 94       		.byte	-108
 1112 043b 5C       		.byte	92
 1113 043c 95       		.byte	-107
 1114 043d 28       		.byte	40
 1115 043e 96       		.byte	-106
 1116 043f 02       		.byte	2
 1117 0440 97       		.byte	-105
 1118 0441 11       		.byte	17
 1119 0442 98       		.byte	-104
 1120 0443 14       		.byte	20
 1121 0444 9B       		.byte	-101
 1122 0445 20       		.byte	32
 1123 0446 9D       		.byte	-99
 1124 0447 02       		.byte	2
 1125 0448 9E       		.byte	-98
 1126 0449 20       		.byte	32
 1127 044a A0       		.byte	-96
 1128 044b 10       		.byte	16
 1129 044c A3       		.byte	-93
 1130 044d 15       		.byte	21
 1131 044e A5       		.byte	-91
 1132 044f 0C       		.byte	12
 1133 0450 A7       		.byte	-89
 1134 0451 11       		.byte	17
 1135 0452 A8       		.byte	-88
 1136 0453 09       		.byte	9
 1137 0454 A9       		.byte	-87
 1138 0455 0D       		.byte	13
 1139 0456 AA       		.byte	-86
 1140 0457 10       		.byte	16
ARM GAS  C:\Users\57322\AppData\Local\Temp\ccTVb0ca.s 			page 21


 1141 0458 AB       		.byte	-85
 1142 0459 10       		.byte	16
 1143 045a B1       		.byte	-79
 1144 045b 01       		.byte	1
 1145 045c B2       		.byte	-78
 1146 045d 60       		.byte	96
 1147 045e B3       		.byte	-77
 1148 045f 3C       		.byte	60
 1149 0460 B5       		.byte	-75
 1150 0461 02       		.byte	2
 1151 0462 B6       		.byte	-74
 1152 0463 1F       		.byte	31
 1153 0464 B8       		.byte	-72
 1154 0465 08       		.byte	8
 1155 0466 BB       		.byte	-69
 1156 0467 08       		.byte	8
 1157 0468 BE       		.byte	-66
 1158 0469 04       		.byte	4
 1159 046a BF       		.byte	-65
 1160 046b 11       		.byte	17
 1161 046c C0       		.byte	-64
 1162 046d 24       		.byte	36
 1163 046e C1       		.byte	-63
 1164 046f 03       		.byte	3
 1165 0470 C5       		.byte	-59
 1166 0471 EB       		.byte	-21
 1167 0472 C6       		.byte	-58
 1168 0473 C0       		.byte	-64
 1169 0474 C8       		.byte	-56
 1170 0475 0B       		.byte	11
 1171 0476 C9       		.byte	-55
 1172 0477 FF       		.byte	-1
 1173 0478 CA       		.byte	-54
 1174 0479 FF       		.byte	-1
 1175 047a CB       		.byte	-53
 1176 047b FF       		.byte	-1
 1177 047c CE       		.byte	-50
 1178 047d F0       		.byte	-16
 1179 047e CF       		.byte	-49
 1180 047f 44       		.byte	68
 1181 0480 D0       		.byte	-48
 1182 0481 0C       		.byte	12
 1183 0482 D4       		.byte	-44
 1184 0483 01       		.byte	1
 1185 0484 D8       		.byte	-40
 1186 0485 04       		.byte	4
 1187 0486 D9       		.byte	-39
 1188 0487 04       		.byte	4
 1189 0488 DA       		.byte	-38
 1190 0489 04       		.byte	4
 1191 048a DB       		.byte	-37
 1192 048b 04       		.byte	4
 1193 048c DC       		.byte	-36
 1194 048d 22       		.byte	34
 1195 048e DD       		.byte	-35
 1196 048f 22       		.byte	34
 1197 0490 DF       		.byte	-33
ARM GAS  C:\Users\57322\AppData\Local\Temp\ccTVb0ca.s 			page 22


 1198 0491 01       		.byte	1
 1199 0492 E6       		.byte	-26
 1200 0493 C0       		.byte	-64
 1201 0494 EA       		.byte	-22
 1202 0495 40       		.byte	64
 1203 0496 EB       		.byte	-21
 1204 0497 02       		.byte	2
 1205 0498 00       		.byte	0
 1206 0499 02       		.byte	2
 1207 049a 01       		.byte	1
 1208 049b 20       		.byte	32
 1209 049c 05       		.byte	5
 1210 049d 50       		.byte	80
 1211 049e 07       		.byte	7
 1212 049f 14       		.byte	20
 1213 04a0 0A       		.byte	10
 1214 04a1 08       		.byte	8
 1215 04a2 0C       		.byte	12
 1216 04a3 C4       		.byte	-60
 1217 04a4 0E       		.byte	14
 1218 04a5 20       		.byte	32
 1219 04a6 0F       		.byte	15
 1220 04a7 08       		.byte	8
 1221 04a8 11       		.byte	17
 1222 04a9 14       		.byte	20
 1223 04aa 16       		.byte	22
 1224 04ab 40       		.byte	64
 1225 04ac 17       		.byte	23
 1226 04ad 20       		.byte	32
 1227 04ae 19       		.byte	25
 1228 04af 20       		.byte	32
 1229 04b0 1D       		.byte	29
 1230 04b1 48       		.byte	72
 1231 04b2 21       		.byte	33
 1232 04b3 40       		.byte	64
 1233 04b4 22       		.byte	34
 1234 04b5 1C       		.byte	28
 1235 04b6 24       		.byte	36
 1236 04b7 40       		.byte	64
 1237 04b8 25       		.byte	37
 1238 04b9 04       		.byte	4
 1239 04ba 27       		.byte	39
 1240 04bb 18       		.byte	24
 1241 04bc 28       		.byte	40
 1242 04bd 20       		.byte	32
 1243 04be 29       		.byte	41
 1244 04bf 40       		.byte	64
 1245 04c0 2B       		.byte	43
 1246 04c1 A0       		.byte	-96
 1247 04c2 2C       		.byte	44
 1248 04c3 80       		.byte	-128
 1249 04c4 2E       		.byte	46
 1250 04c5 20       		.byte	32
 1251 04c6 2F       		.byte	47
 1252 04c7 20       		.byte	32
 1253 04c8 32       		.byte	50
 1254 04c9 04       		.byte	4
ARM GAS  C:\Users\57322\AppData\Local\Temp\ccTVb0ca.s 			page 23


 1255 04ca 34       		.byte	52
 1256 04cb 04       		.byte	4
 1257 04cc 36       		.byte	54
 1258 04cd 80       		.byte	-128
 1259 04ce 37       		.byte	55
 1260 04cf 20       		.byte	32
 1261 04d0 39       		.byte	57
 1262 04d1 34       		.byte	52
 1263 04d2 3D       		.byte	61
 1264 04d3 08       		.byte	8
 1265 04d4 41       		.byte	65
 1266 04d5 08       		.byte	8
 1267 04d6 44       		.byte	68
 1268 04d7 40       		.byte	64
 1269 04d8 46       		.byte	70
 1270 04d9 20       		.byte	32
 1271 04da 47       		.byte	71
 1272 04db 14       		.byte	20
 1273 04dc 48       		.byte	72
 1274 04dd 80       		.byte	-128
 1275 04de 4D       		.byte	77
 1276 04df 01       		.byte	1
 1277 04e0 4E       		.byte	78
 1278 04e1 80       		.byte	-128
 1279 04e2 4F       		.byte	79
 1280 04e3 08       		.byte	8
 1281 04e4 50       		.byte	80
 1282 04e5 40       		.byte	64
 1283 04e6 52       		.byte	82
 1284 04e7 40       		.byte	64
 1285 04e8 57       		.byte	87
 1286 04e9 20       		.byte	32
 1287 04ea 5C       		.byte	92
 1288 04eb 60       		.byte	96
 1289 04ec 5D       		.byte	93
 1290 04ed 01       		.byte	1
 1291 04ee 5F       		.byte	95
 1292 04ef 08       		.byte	8
 1293 04f0 88       		.byte	-120
 1294 04f1 01       		.byte	1
 1295 04f2 8B       		.byte	-117
 1296 04f3 80       		.byte	-128
 1297 04f4 91       		.byte	-111
 1298 04f5 24       		.byte	36
 1299 04f6 94       		.byte	-108
 1300 04f7 80       		.byte	-128
 1301 04f8 95       		.byte	-107
 1302 04f9 80       		.byte	-128
 1303 04fa 96       		.byte	-106
 1304 04fb 20       		.byte	32
 1305 04fc 99       		.byte	-103
 1306 04fd 10       		.byte	16
 1307 04fe 9B       		.byte	-101
 1308 04ff 20       		.byte	32
 1309 0500 9C       		.byte	-100
 1310 0501 40       		.byte	64
 1311 0502 9D       		.byte	-99
ARM GAS  C:\Users\57322\AppData\Local\Temp\ccTVb0ca.s 			page 24


 1312 0503 20       		.byte	32
 1313 0504 9F       		.byte	-97
 1314 0505 10       		.byte	16
 1315 0506 A2       		.byte	-94
 1316 0507 10       		.byte	16
 1317 0508 A4       		.byte	-92
 1318 0509 01       		.byte	1
 1319 050a A5       		.byte	-91
 1320 050b 04       		.byte	4
 1321 050c A6       		.byte	-90
 1322 050d 08       		.byte	8
 1323 050e A7       		.byte	-89
 1324 050f 80       		.byte	-128
 1325 0510 B1       		.byte	-79
 1326 0511 48       		.byte	72
 1327 0512 C0       		.byte	-64
 1328 0513 EA       		.byte	-22
 1329 0514 C2       		.byte	-62
 1330 0515 E2       		.byte	-30
 1331 0516 C4       		.byte	-60
 1332 0517 56       		.byte	86
 1333 0518 CA       		.byte	-54
 1334 0519 E9       		.byte	-23
 1335 051a CC       		.byte	-52
 1336 051b 72       		.byte	114
 1337 051c CE       		.byte	-50
 1338 051d 46       		.byte	70
 1339 051e D0       		.byte	-48
 1340 051f E2       		.byte	-30
 1341 0520 D6       		.byte	-42
 1342 0521 F0       		.byte	-16
 1343 0522 EA       		.byte	-22
 1344 0523 01       		.byte	1
 1345 0524 32       		.byte	50
 1346 0525 40       		.byte	64
 1347 0526 CC       		.byte	-52
 1348 0527 10       		.byte	16
 1349 0528 51       		.byte	81
 1350 0529 01       		.byte	1
 1351 052a 56       		.byte	86
 1352 052b 02       		.byte	2
 1353 052c 89       		.byte	-119
 1354 052d 01       		.byte	1
 1355 052e 96       		.byte	-106
 1356 052f 80       		.byte	-128
 1357 0530 D4       		.byte	-44
 1358 0531 80       		.byte	-128
 1359 0532 D6       		.byte	-42
 1360 0533 20       		.byte	32
 1361 0534 3E       		.byte	62
 1362 0535 10       		.byte	16
 1363 0536 86       		.byte	-122
 1364 0537 02       		.byte	2
 1365 0538 96       		.byte	-106
 1366 0539 80       		.byte	-128
 1367 053a 9E       		.byte	-98
 1368 053b 02       		.byte	2
ARM GAS  C:\Users\57322\AppData\Local\Temp\ccTVb0ca.s 			page 25


 1369 053c CE       		.byte	-50
 1370 053d 20       		.byte	32
 1371 053e E6       		.byte	-26
 1372 053f 10       		.byte	16
 1373 0540 96       		.byte	-106
 1374 0541 90       		.byte	-112
 1375 0542 10       		.byte	16
 1376 0543 10       		.byte	16
 1377 0544 14       		.byte	20
 1378 0545 20       		.byte	32
 1379 0546 71       		.byte	113
 1380 0547 02       		.byte	2
 1381 0548 C4       		.byte	-60
 1382 0549 0C       		.byte	12
 1383 054a DC       		.byte	-36
 1384 054b 01       		.byte	1
 1385 054c 98       		.byte	-104
 1386 054d 30       		.byte	48
 1387 054e A5       		.byte	-91
 1388 054f 02       		.byte	2
 1389 0550 98       		.byte	-104
 1390 0551 30       		.byte	48
 1391 0552 A5       		.byte	-91
 1392 0553 02       		.byte	2
 1393 0554 98       		.byte	-104
 1394 0555 30       		.byte	48
 1395 0556 A5       		.byte	-91
 1396 0557 02       		.byte	2
 1397 0558 82       		.byte	-126
 1398 0559 40       		.byte	64
 1399 055a 96       		.byte	-106
 1400 055b 90       		.byte	-112
 1401 055c E6       		.byte	-26
 1402 055d 80       		.byte	-128
 1403 055e AA       		.byte	-86
 1404 055f 10       		.byte	16
 1405 0560 EA       		.byte	-22
 1406 0561 80       		.byte	-128
 1407 0562 12       		.byte	18
 1408 0563 40       		.byte	64
 1409 0564 13       		.byte	19
 1410 0565 20       		.byte	32
 1411 0566 16       		.byte	22
 1412 0567 20       		.byte	32
 1413 0568 78       		.byte	120
 1414 0569 10       		.byte	16
 1415 056a 7C       		.byte	124
 1416 056b 20       		.byte	32
 1417 056c 8D       		.byte	-115
 1418 056d 02       		.byte	2
 1419 056e 98       		.byte	-104
 1420 056f 30       		.byte	48
 1421 0570 A5       		.byte	-91
 1422 0571 02       		.byte	2
 1423 0572 C4       		.byte	-60
 1424 0573 0E       		.byte	14
 1425 0574 DE       		.byte	-34
ARM GAS  C:\Users\57322\AppData\Local\Temp\ccTVb0ca.s 			page 26


 1426 0575 03       		.byte	3
 1427 0576 E4       		.byte	-28
 1428 0577 08       		.byte	8
 1429 0578 10       		.byte	16
 1430 0579 40       		.byte	64
 1431 057a 72       		.byte	114
 1432 057b 20       		.byte	32
 1433 057c 76       		.byte	118
 1434 057d 40       		.byte	64
 1435 057e 88       		.byte	-120
 1436 057f 40       		.byte	64
 1437 0580 9A       		.byte	-102
 1438 0581 60       		.byte	96
 1439 0582 AB       		.byte	-85
 1440 0583 20       		.byte	32
 1441 0584 C4       		.byte	-60
 1442 0585 08       		.byte	8
 1443 0586 DC       		.byte	-36
 1444 0587 01       		.byte	1
 1445 0588 DE       		.byte	-34
 1446 0589 04       		.byte	4
 1447 058a E2       		.byte	-30
 1448 058b 01       		.byte	1
 1449 058c 00       		.byte	0
 1450 058d 07       		.byte	7
 1451 058e 08       		.byte	8
 1452 058f 02       		.byte	2
 1453 0590 0A       		.byte	10
 1454 0591 01       		.byte	1
 1455 0592 0C       		.byte	12
 1456 0593 04       		.byte	4
 1457 0594 10       		.byte	16
 1458 0595 04       		.byte	4
 1459 0596 1C       		.byte	28
 1460 0597 04       		.byte	4
 1461 0598 00       		.byte	0
 1462 0599 03       		.byte	3
 1463 059a 03       		.byte	3
 1464 059b C0       		.byte	-64
 1465 059c 10       		.byte	16
 1466 059d 30       		.byte	48
 1467 059e 00       		.byte	0
 1468 059f 00       		.byte	0
 1469 05a0 70       		.byte	112
 1470 05a1 00       		.byte	0
 1471 05a2 00       		.byte	0
 1472 05a3 00       		.byte	0
 1473 05a4 00       		.byte	0
 1474 05a5 03       		.byte	3
 1475 05a6 03       		.byte	3
 1476 05a7 00       		.byte	0
 1477 05a8 03       		.byte	3
 1478 05a9 00       		.byte	0
 1479 05aa 00       		.byte	0
 1480 05ab 00       		.byte	0
 1481 05ac B0       		.byte	-80
 1482 05ad 00       		.byte	0
ARM GAS  C:\Users\57322\AppData\Local\Temp\ccTVb0ca.s 			page 27


 1483 05ae 40       		.byte	64
 1484 05af 83       		.byte	-125
 1485 05b0 B3       		.byte	-77
 1486 05b1 00       		.byte	0
 1487 05b2 B0       		.byte	-80
 1488 05b3 00       		.byte	0
 1489 05b4 00       		.byte	0
 1490 05b5 00       		.byte	0
 1491 05b6 00       		.byte	0
 1492 05b7 00       		.byte	0
 1493 05b8 00       		.byte	0
 1494 05b9 0B       		.byte	11
 1495 05ba 0B       		.byte	11
 1496 05bb 00       		.byte	0
 1497 05bc 00       		.byte	0
 1498 05bd 00       		.byte	0
 1499 05be 00       		.byte	0
 1500 05bf 00       		.byte	0
 1501              		.section	.cywolatch,"a",%progbits
 1502              		.align	2
 1503              		.type	cy_meta_wonvl, %object
 1504              		.size	cy_meta_wonvl, 4
 1505              	cy_meta_wonvl:
 1506 0000 BC       		.byte	-68
 1507 0001 90       		.byte	-112
 1508 0002 AC       		.byte	-84
 1509 0003 AF       		.byte	-81
 1510              		.section	.cycustnvl,"a",%progbits
 1511              		.align	2
 1512              		.type	cy_meta_custnvl, %object
 1513              		.size	cy_meta_custnvl, 4
 1514              	cy_meta_custnvl:
 1515 0000 00       		.byte	0
 1516 0001 00       		.byte	0
 1517 0002 40       		.byte	64
 1518 0003 05       		.byte	5
 1519              		.section	.cymeta,"a",%progbits
 1520              		.align	2
 1521              		.type	cy_metadata, %object
 1522              		.size	cy_metadata, 12
 1523              	cy_metadata:
 1524 0000 00       		.byte	0
 1525 0001 01       		.byte	1
 1526 0002 2E       		.byte	46
 1527 0003 16       		.byte	22
 1528 0004 10       		.byte	16
 1529 0005 69       		.byte	105
 1530 0006 00       		.byte	0
 1531 0007 01       		.byte	1
 1532 0008 00       		.byte	0
 1533 0009 00       		.byte	0
 1534 000a 00       		.byte	0
 1535 000b 00       		.byte	0
 1536              		.section	.cyflashprotect,"a",%progbits
 1537              		.align	2
 1538              		.type	cy_meta_flashprotect, %object
 1539              		.size	cy_meta_flashprotect, 256
ARM GAS  C:\Users\57322\AppData\Local\Temp\ccTVb0ca.s 			page 28


 1540              	cy_meta_flashprotect:
 1541 0000 00000000 		.space	256
 1541      00000000 
 1541      00000000 
 1541      00000000 
 1541      00000000 
 1542              		.text
 1543              	.Letext0:
 1544              		.file 1 "c:\\program files (x86)\\cypress\\psoc creator\\4.4\\psoc creator\\import\\gnu\\arm\\5.4.
 1545              		.file 2 "c:\\program files (x86)\\cypress\\psoc creator\\4.4\\psoc creator\\import\\gnu\\arm\\5.4.
 1546              		.file 3 "Generated_Source\\PSoC5\\cymetadata.c"
 1547              		.section	.debug_info,"",%progbits
 1548              	.Ldebug_info0:
 1549 0000 33010000 		.4byte	0x133
 1550 0004 0400     		.2byte	0x4
 1551 0006 00000000 		.4byte	.Ldebug_abbrev0
 1552 000a 04       		.byte	0x4
 1553 000b 01       		.uleb128 0x1
 1554 000c 63000000 		.4byte	.LASF17
 1555 0010 0C       		.byte	0xc
 1556 0011 BD010000 		.4byte	.LASF18
 1557 0015 16000000 		.4byte	.LASF19
 1558 0019 00000000 		.4byte	.Ldebug_line0
 1559 001d 02       		.uleb128 0x2
 1560 001e 01       		.byte	0x1
 1561 001f 06       		.byte	0x6
 1562 0020 B1010000 		.4byte	.LASF0
 1563 0024 03       		.uleb128 0x3
 1564 0025 00000000 		.4byte	.LASF9
 1565 0029 01       		.byte	0x1
 1566 002a 1D       		.byte	0x1d
 1567 002b 2F000000 		.4byte	0x2f
 1568 002f 02       		.uleb128 0x2
 1569 0030 01       		.byte	0x1
 1570 0031 08       		.byte	0x8
 1571 0032 55000000 		.4byte	.LASF1
 1572 0036 02       		.uleb128 0x2
 1573 0037 02       		.byte	0x2
 1574 0038 05       		.byte	0x5
 1575 0039 9E010000 		.4byte	.LASF2
 1576 003d 02       		.uleb128 0x2
 1577 003e 02       		.byte	0x2
 1578 003f 07       		.byte	0x7
 1579 0040 03010000 		.4byte	.LASF3
 1580 0044 02       		.uleb128 0x2
 1581 0045 04       		.byte	0x4
 1582 0046 05       		.byte	0x5
 1583 0047 A8010000 		.4byte	.LASF4
 1584 004b 02       		.uleb128 0x2
 1585 004c 04       		.byte	0x4
 1586 004d 07       		.byte	0x7
 1587 004e F1000000 		.4byte	.LASF5
 1588 0052 02       		.uleb128 0x2
 1589 0053 08       		.byte	0x8
 1590 0054 05       		.byte	0x5
 1591 0055 90010000 		.4byte	.LASF6
 1592 0059 02       		.uleb128 0x2
ARM GAS  C:\Users\57322\AppData\Local\Temp\ccTVb0ca.s 			page 29


 1593 005a 08       		.byte	0x8
 1594 005b 07       		.byte	0x7
 1595 005c 45010000 		.4byte	.LASF7
 1596 0060 04       		.uleb128 0x4
 1597 0061 04       		.byte	0x4
 1598 0062 05       		.byte	0x5
 1599 0063 696E7400 		.ascii	"int\000"
 1600 0067 02       		.uleb128 0x2
 1601 0068 04       		.byte	0x4
 1602 0069 07       		.byte	0x7
 1603 006a 38010000 		.4byte	.LASF8
 1604 006e 03       		.uleb128 0x3
 1605 006f 5C010000 		.4byte	.LASF10
 1606 0073 02       		.byte	0x2
 1607 0074 18       		.byte	0x18
 1608 0075 24000000 		.4byte	0x24
 1609 0079 05       		.uleb128 0x5
 1610 007a 91000000 		.4byte	0x91
 1611 007e 8A000000 		.4byte	0x8a
 1612 0082 06       		.uleb128 0x6
 1613 0083 8A000000 		.4byte	0x8a
 1614 0087 BF05     		.2byte	0x5bf
 1615 0089 00       		.byte	0
 1616 008a 02       		.uleb128 0x2
 1617 008b 04       		.byte	0x4
 1618 008c 07       		.byte	0x7
 1619 008d 87010000 		.4byte	.LASF11
 1620 0091 07       		.uleb128 0x7
 1621 0092 6E000000 		.4byte	0x6e
 1622 0096 08       		.uleb128 0x8
 1623 0097 26010000 		.4byte	.LASF12
 1624 009b 03       		.byte	0x3
 1625 009c 1F       		.byte	0x1f
 1626 009d A7000000 		.4byte	0xa7
 1627 00a1 05       		.uleb128 0x5
 1628 00a2 03       		.byte	0x3
 1629 00a3 00000000 		.4byte	cy_meta_configecc
 1630 00a7 07       		.uleb128 0x7
 1631 00a8 79000000 		.4byte	0x79
 1632 00ac 05       		.uleb128 0x5
 1633 00ad 91000000 		.4byte	0x91
 1634 00b1 BC000000 		.4byte	0xbc
 1635 00b5 09       		.uleb128 0x9
 1636 00b6 8A000000 		.4byte	0x8a
 1637 00ba 03       		.byte	0x3
 1638 00bb 00       		.byte	0
 1639 00bc 08       		.uleb128 0x8
 1640 00bd 16010000 		.4byte	.LASF13
 1641 00c1 03       		.byte	0x3
 1642 00c2 E4       		.byte	0xe4
 1643 00c3 CD000000 		.4byte	0xcd
 1644 00c7 05       		.uleb128 0x5
 1645 00c8 03       		.byte	0x3
 1646 00c9 00000000 		.4byte	cy_meta_custnvl
 1647 00cd 07       		.uleb128 0x7
 1648 00ce AC000000 		.4byte	0xac
 1649 00d2 08       		.uleb128 0x8
ARM GAS  C:\Users\57322\AppData\Local\Temp\ccTVb0ca.s 			page 30


 1650 00d3 79010000 		.4byte	.LASF14
 1651 00d7 03       		.byte	0x3
 1652 00d8 F2       		.byte	0xf2
 1653 00d9 E3000000 		.4byte	0xe3
 1654 00dd 05       		.uleb128 0x5
 1655 00de 03       		.byte	0x3
 1656 00df 00000000 		.4byte	cy_meta_wonvl
 1657 00e3 07       		.uleb128 0x7
 1658 00e4 AC000000 		.4byte	0xac
 1659 00e8 05       		.uleb128 0x5
 1660 00e9 91000000 		.4byte	0x91
 1661 00ed F8000000 		.4byte	0xf8
 1662 00f1 09       		.uleb128 0x9
 1663 00f2 8A000000 		.4byte	0x8a
 1664 00f6 FF       		.byte	0xff
 1665 00f7 00       		.byte	0
 1666 00f8 0A       		.uleb128 0xa
 1667 00f9 64010000 		.4byte	.LASF15
 1668 00fd 03       		.byte	0x3
 1669 00fe 0001     		.2byte	0x100
 1670 0100 0A010000 		.4byte	0x10a
 1671 0104 05       		.uleb128 0x5
 1672 0105 03       		.byte	0x3
 1673 0106 00000000 		.4byte	cy_meta_flashprotect
 1674 010a 07       		.uleb128 0x7
 1675 010b E8000000 		.4byte	0xe8
 1676 010f 05       		.uleb128 0x5
 1677 0110 91000000 		.4byte	0x91
 1678 0114 1F010000 		.4byte	0x11f
 1679 0118 09       		.uleb128 0x9
 1680 0119 8A000000 		.4byte	0x8a
 1681 011d 0B       		.byte	0xb
 1682 011e 00       		.byte	0
 1683 011f 0A       		.uleb128 0xa
 1684 0120 0A000000 		.4byte	.LASF16
 1685 0124 03       		.byte	0x3
 1686 0125 2D01     		.2byte	0x12d
 1687 0127 31010000 		.4byte	0x131
 1688 012b 05       		.uleb128 0x5
 1689 012c 03       		.byte	0x3
 1690 012d 00000000 		.4byte	cy_metadata
 1691 0131 07       		.uleb128 0x7
 1692 0132 0F010000 		.4byte	0x10f
 1693 0136 00       		.byte	0
 1694              		.section	.debug_abbrev,"",%progbits
 1695              	.Ldebug_abbrev0:
 1696 0000 01       		.uleb128 0x1
 1697 0001 11       		.uleb128 0x11
 1698 0002 01       		.byte	0x1
 1699 0003 25       		.uleb128 0x25
 1700 0004 0E       		.uleb128 0xe
 1701 0005 13       		.uleb128 0x13
 1702 0006 0B       		.uleb128 0xb
 1703 0007 03       		.uleb128 0x3
 1704 0008 0E       		.uleb128 0xe
 1705 0009 1B       		.uleb128 0x1b
 1706 000a 0E       		.uleb128 0xe
ARM GAS  C:\Users\57322\AppData\Local\Temp\ccTVb0ca.s 			page 31


 1707 000b 10       		.uleb128 0x10
 1708 000c 17       		.uleb128 0x17
 1709 000d 00       		.byte	0
 1710 000e 00       		.byte	0
 1711 000f 02       		.uleb128 0x2
 1712 0010 24       		.uleb128 0x24
 1713 0011 00       		.byte	0
 1714 0012 0B       		.uleb128 0xb
 1715 0013 0B       		.uleb128 0xb
 1716 0014 3E       		.uleb128 0x3e
 1717 0015 0B       		.uleb128 0xb
 1718 0016 03       		.uleb128 0x3
 1719 0017 0E       		.uleb128 0xe
 1720 0018 00       		.byte	0
 1721 0019 00       		.byte	0
 1722 001a 03       		.uleb128 0x3
 1723 001b 16       		.uleb128 0x16
 1724 001c 00       		.byte	0
 1725 001d 03       		.uleb128 0x3
 1726 001e 0E       		.uleb128 0xe
 1727 001f 3A       		.uleb128 0x3a
 1728 0020 0B       		.uleb128 0xb
 1729 0021 3B       		.uleb128 0x3b
 1730 0022 0B       		.uleb128 0xb
 1731 0023 49       		.uleb128 0x49
 1732 0024 13       		.uleb128 0x13
 1733 0025 00       		.byte	0
 1734 0026 00       		.byte	0
 1735 0027 04       		.uleb128 0x4
 1736 0028 24       		.uleb128 0x24
 1737 0029 00       		.byte	0
 1738 002a 0B       		.uleb128 0xb
 1739 002b 0B       		.uleb128 0xb
 1740 002c 3E       		.uleb128 0x3e
 1741 002d 0B       		.uleb128 0xb
 1742 002e 03       		.uleb128 0x3
 1743 002f 08       		.uleb128 0x8
 1744 0030 00       		.byte	0
 1745 0031 00       		.byte	0
 1746 0032 05       		.uleb128 0x5
 1747 0033 01       		.uleb128 0x1
 1748 0034 01       		.byte	0x1
 1749 0035 49       		.uleb128 0x49
 1750 0036 13       		.uleb128 0x13
 1751 0037 01       		.uleb128 0x1
 1752 0038 13       		.uleb128 0x13
 1753 0039 00       		.byte	0
 1754 003a 00       		.byte	0
 1755 003b 06       		.uleb128 0x6
 1756 003c 21       		.uleb128 0x21
 1757 003d 00       		.byte	0
 1758 003e 49       		.uleb128 0x49
 1759 003f 13       		.uleb128 0x13
 1760 0040 2F       		.uleb128 0x2f
 1761 0041 05       		.uleb128 0x5
 1762 0042 00       		.byte	0
 1763 0043 00       		.byte	0
ARM GAS  C:\Users\57322\AppData\Local\Temp\ccTVb0ca.s 			page 32


 1764 0044 07       		.uleb128 0x7
 1765 0045 26       		.uleb128 0x26
 1766 0046 00       		.byte	0
 1767 0047 49       		.uleb128 0x49
 1768 0048 13       		.uleb128 0x13
 1769 0049 00       		.byte	0
 1770 004a 00       		.byte	0
 1771 004b 08       		.uleb128 0x8
 1772 004c 34       		.uleb128 0x34
 1773 004d 00       		.byte	0
 1774 004e 03       		.uleb128 0x3
 1775 004f 0E       		.uleb128 0xe
 1776 0050 3A       		.uleb128 0x3a
 1777 0051 0B       		.uleb128 0xb
 1778 0052 3B       		.uleb128 0x3b
 1779 0053 0B       		.uleb128 0xb
 1780 0054 49       		.uleb128 0x49
 1781 0055 13       		.uleb128 0x13
 1782 0056 3F       		.uleb128 0x3f
 1783 0057 19       		.uleb128 0x19
 1784 0058 02       		.uleb128 0x2
 1785 0059 18       		.uleb128 0x18
 1786 005a 00       		.byte	0
 1787 005b 00       		.byte	0
 1788 005c 09       		.uleb128 0x9
 1789 005d 21       		.uleb128 0x21
 1790 005e 00       		.byte	0
 1791 005f 49       		.uleb128 0x49
 1792 0060 13       		.uleb128 0x13
 1793 0061 2F       		.uleb128 0x2f
 1794 0062 0B       		.uleb128 0xb
 1795 0063 00       		.byte	0
 1796 0064 00       		.byte	0
 1797 0065 0A       		.uleb128 0xa
 1798 0066 34       		.uleb128 0x34
 1799 0067 00       		.byte	0
 1800 0068 03       		.uleb128 0x3
 1801 0069 0E       		.uleb128 0xe
 1802 006a 3A       		.uleb128 0x3a
 1803 006b 0B       		.uleb128 0xb
 1804 006c 3B       		.uleb128 0x3b
 1805 006d 05       		.uleb128 0x5
 1806 006e 49       		.uleb128 0x49
 1807 006f 13       		.uleb128 0x13
 1808 0070 3F       		.uleb128 0x3f
 1809 0071 19       		.uleb128 0x19
 1810 0072 02       		.uleb128 0x2
 1811 0073 18       		.uleb128 0x18
 1812 0074 00       		.byte	0
 1813 0075 00       		.byte	0
 1814 0076 00       		.byte	0
 1815              		.section	.debug_aranges,"",%progbits
 1816 0000 14000000 		.4byte	0x14
 1817 0004 0200     		.2byte	0x2
 1818 0006 00000000 		.4byte	.Ldebug_info0
 1819 000a 04       		.byte	0x4
 1820 000b 00       		.byte	0
ARM GAS  C:\Users\57322\AppData\Local\Temp\ccTVb0ca.s 			page 33


 1821 000c 0000     		.2byte	0
 1822 000e 0000     		.2byte	0
 1823 0010 00000000 		.4byte	0
 1824 0014 00000000 		.4byte	0
 1825              		.section	.debug_line,"",%progbits
 1826              	.Ldebug_line0:
 1827 0000 3D010000 		.section	.debug_str,"MS",%progbits,1
 1827      02003701 
 1827      00000201 
 1827      FB0E0D00 
 1827      01010101 
 1828              	.LASF9:
 1829 0000 5F5F7569 		.ascii	"__uint8_t\000"
 1829      6E74385F 
 1829      7400
 1830              	.LASF16:
 1831 000a 63795F6D 		.ascii	"cy_metadata\000"
 1831      65746164 
 1831      61746100 
 1832              	.LASF19:
 1833 0016 433A5C55 		.ascii	"C:\\Users\\57322\\Documents\\PSoC Creator\\Project_"
 1833      73657273 
 1833      5C353733 
 1833      32325C44 
 1833      6F63756D 
 1834 0044 345C4465 		.ascii	"4\\Design01.cydsn\000"
 1834      7369676E 
 1834      30312E63 
 1834      7964736E 
 1834      00
 1835              	.LASF1:
 1836 0055 756E7369 		.ascii	"unsigned char\000"
 1836      676E6564 
 1836      20636861 
 1836      7200
 1837              	.LASF17:
 1838 0063 474E5520 		.ascii	"GNU C11 5.4.1 20160609 (release) [ARM/embedded-5-br"
 1838      43313120 
 1838      352E342E 
 1838      31203230 
 1838      31363036 
 1839 0096 616E6368 		.ascii	"anch revision 237715] -mcpu=cortex-m3 -mthumb -g -O"
 1839      20726576 
 1839      6973696F 
 1839      6E203233 
 1839      37373135 
 1840 00c9 67202D66 		.ascii	"g -ffunction-sections -ffat-lto-objects\000"
 1840      66756E63 
 1840      74696F6E 
 1840      2D736563 
 1840      74696F6E 
 1841              	.LASF5:
 1842 00f1 6C6F6E67 		.ascii	"long unsigned int\000"
 1842      20756E73 
 1842      69676E65 
 1842      6420696E 
 1842      7400
ARM GAS  C:\Users\57322\AppData\Local\Temp\ccTVb0ca.s 			page 34


 1843              	.LASF3:
 1844 0103 73686F72 		.ascii	"short unsigned int\000"
 1844      7420756E 
 1844      7369676E 
 1844      65642069 
 1844      6E7400
 1845              	.LASF13:
 1846 0116 63795F6D 		.ascii	"cy_meta_custnvl\000"
 1846      6574615F 
 1846      63757374 
 1846      6E766C00 
 1847              	.LASF12:
 1848 0126 63795F6D 		.ascii	"cy_meta_configecc\000"
 1848      6574615F 
 1848      636F6E66 
 1848      69676563 
 1848      6300
 1849              	.LASF8:
 1850 0138 756E7369 		.ascii	"unsigned int\000"
 1850      676E6564 
 1850      20696E74 
 1850      00
 1851              	.LASF7:
 1852 0145 6C6F6E67 		.ascii	"long long unsigned int\000"
 1852      206C6F6E 
 1852      6720756E 
 1852      7369676E 
 1852      65642069 
 1853              	.LASF10:
 1854 015c 75696E74 		.ascii	"uint8_t\000"
 1854      385F7400 
 1855              	.LASF15:
 1856 0164 63795F6D 		.ascii	"cy_meta_flashprotect\000"
 1856      6574615F 
 1856      666C6173 
 1856      6870726F 
 1856      74656374 
 1857              	.LASF14:
 1858 0179 63795F6D 		.ascii	"cy_meta_wonvl\000"
 1858      6574615F 
 1858      776F6E76 
 1858      6C00
 1859              	.LASF11:
 1860 0187 73697A65 		.ascii	"sizetype\000"
 1860      74797065 
 1860      00
 1861              	.LASF6:
 1862 0190 6C6F6E67 		.ascii	"long long int\000"
 1862      206C6F6E 
 1862      6720696E 
 1862      7400
 1863              	.LASF2:
 1864 019e 73686F72 		.ascii	"short int\000"
 1864      7420696E 
 1864      7400
 1865              	.LASF4:
 1866 01a8 6C6F6E67 		.ascii	"long int\000"
ARM GAS  C:\Users\57322\AppData\Local\Temp\ccTVb0ca.s 			page 35


 1866      20696E74 
 1866      00
 1867              	.LASF0:
 1868 01b1 7369676E 		.ascii	"signed char\000"
 1868      65642063 
 1868      68617200 
 1869              	.LASF18:
 1870 01bd 47656E65 		.ascii	"Generated_Source\\PSoC5\\cymetadata.c\000"
 1870      72617465 
 1870      645F536F 
 1870      75726365 
 1870      5C50536F 
 1871              		.ident	"GCC: (GNU Tools for ARM Embedded Processors) 5.4.1 20160609 (release) [ARM/embedded-5-bran
